{"obj": {"type": "AssignString", "path": ["sys", "name"], "value": "Untitled"}, "version": 1}
{"obj": {"type": "AssignString", "path": ["sys", "description"], "value": ""}, "version": 2}
{"obj": {"type": "AssignString", "path": ["sys", "hostname"], "value": "L-BSC-A149822"}, "version": 3}
{"obj": {"type": "AssignBool", "path": ["sys", "failed"], "value": false}, "version": 4}
{"obj": {"type": "ClearStringLog", "path": ["monitoring", "stdout"]}, "version": 5}
{"obj": {"type": "ClearStringLog", "path": ["monitoring", "stderr"]}, "version": 6}
{"obj": {"type": "AssignString", "path": ["source_code", "entrypoint"], "value": "hello.py"}, "version": 7}
{"obj": {"type": "UploadFileSet", "path": ["source_code", "files"], "file_globs": ["C:\\Users\\lizhou\\Documents\\RemoteCommunity\\Production-model-package\\Neptune-test\\hello.py"], "reset": "False"}, "version": 8}
{"obj": {"type": "ConfigFloatSeries", "path": ["monitoring", "cpu"], "min": 0.0, "max": 100.0, "unit": "%"}, "version": 9}
{"obj": {"type": "ClearFloatLog", "path": ["monitoring", "cpu"]}, "version": 10}
{"obj": {"type": "ConfigFloatSeries", "path": ["monitoring", "memory"], "min": 0.0, "max": 31.204471588134766, "unit": "GB"}, "version": 11}
{"obj": {"type": "ClearFloatLog", "path": ["monitoring", "memory"]}, "version": 12}
{"obj": {"type": "ConfigFloatSeries", "path": ["monitoring", "gpu"], "min": 0.0, "max": 100.0, "unit": "%"}, "version": 13}
{"obj": {"type": "ClearFloatLog", "path": ["monitoring", "gpu"]}, "version": 14}
{"obj": {"type": "ConfigFloatSeries", "path": ["monitoring", "gpu_memory"], "min": 0.0, "max": 6.0, "unit": "GB"}, "version": 15}
{"obj": {"type": "ClearFloatLog", "path": ["monitoring", "gpu_memory"]}, "version": 16}
{"obj": {"type": "AssignString", "path": ["blabla"], "value": "neptune"}, "version": 17}
{"obj": {"type": "AssignString", "path": ["algo"], "value": "ConvNet"}, "version": 18}
{"obj": {"type": "AssignInt", "path": ["params", "batch_size"], "value": 64}, "version": 19}
{"obj": {"type": "AssignFloat", "path": ["params", "dropout"], "value": 0.2}, "version": 20}
{"obj": {"type": "AssignFloat", "path": ["params", "learning_rate"], "value": 0.001}, "version": 21}
{"obj": {"type": "AssignString", "path": ["params", "optimizer"], "value": "Adam"}, "version": 22}
{"obj": {"type": "LogFloats", "path": ["train", "accuracy"], "values": [{"value": 0.0, "step": null, "ts": 1655907815.5771008}]}, "version": 23}
{"obj": {"type": "LogFloats", "path": ["train", "loss"], "values": [{"value": 0.0, "step": null, "ts": 1655907815.5771008}]}, "version": 24}
{"obj": {"type": "LogFloats", "path": ["train", "accuracy"], "values": [{"value": 0.6, "step": null, "ts": 1655907815.5771008}]}, "version": 25}
{"obj": {"type": "LogFloats", "path": ["train", "loss"], "values": [{"value": 0.4, "step": null, "ts": 1655907815.5771008}]}, "version": 26}
{"obj": {"type": "LogFloats", "path": ["train", "accuracy"], "values": [{"value": 1.2, "step": null, "ts": 1655907815.5771008}]}, "version": 27}
{"obj": {"type": "LogFloats", "path": ["train", "loss"], "values": [{"value": 0.8, "step": null, "ts": 1655907815.5771008}]}, "version": 28}
{"obj": {"type": "LogFloats", "path": ["train", "accuracy"], "values": [{"value": 1.7999999999999998, "step": null, "ts": 1655907815.5771008}]}, "version": 29}
{"obj": {"type": "LogFloats", "path": ["train", "loss"], "values": [{"value": 1.2000000000000002, "step": null, "ts": 1655907815.5771008}]}, "version": 30}
{"obj": {"type": "LogFloats", "path": ["train", "accuracy"], "values": [{"value": 2.4, "step": null, "ts": 1655907815.5771008}]}, "version": 31}
{"obj": {"type": "LogFloats", "path": ["train", "loss"], "values": [{"value": 1.6, "step": null, "ts": 1655907815.5780935}]}, "version": 32}
{"obj": {"type": "LogFloats", "path": ["train", "accuracy"], "values": [{"value": 3.0, "step": null, "ts": 1655907815.5780935}]}, "version": 33}
{"obj": {"type": "LogFloats", "path": ["train", "loss"], "values": [{"value": 2.0, "step": null, "ts": 1655907815.5780935}]}, "version": 34}
{"obj": {"type": "LogFloats", "path": ["train", "accuracy"], "values": [{"value": 3.5999999999999996, "step": null, "ts": 1655907815.5780935}]}, "version": 35}
{"obj": {"type": "LogFloats", "path": ["train", "loss"], "values": [{"value": 2.4000000000000004, "step": null, "ts": 1655907815.5780935}]}, "version": 36}
{"obj": {"type": "LogFloats", "path": ["train", "accuracy"], "values": [{"value": 4.2, "step": null, "ts": 1655907815.5780935}]}, "version": 37}
{"obj": {"type": "LogFloats", "path": ["train", "loss"], "values": [{"value": 2.8000000000000003, "step": null, "ts": 1655907815.5780935}]}, "version": 38}
{"obj": {"type": "LogFloats", "path": ["train", "accuracy"], "values": [{"value": 4.8, "step": null, "ts": 1655907815.5780935}]}, "version": 39}
{"obj": {"type": "LogFloats", "path": ["train", "loss"], "values": [{"value": 3.2, "step": null, "ts": 1655907815.5780935}]}, "version": 40}
{"obj": {"type": "LogFloats", "path": ["train", "accuracy"], "values": [{"value": 5.3999999999999995, "step": null, "ts": 1655907815.5780935}]}, "version": 41}
{"obj": {"type": "LogFloats", "path": ["train", "loss"], "values": [{"value": 3.6, "step": null, "ts": 1655907815.5780935}]}, "version": 42}
{"obj": {"type": "LogFloats", "path": ["train", "accuracy"], "values": [{"value": 6.0, "step": null, "ts": 1655907815.5780935}]}, "version": 43}
{"obj": {"type": "LogFloats", "path": ["train", "loss"], "values": [{"value": 4.0, "step": null, "ts": 1655907815.5780935}]}, "version": 44}
{"obj": {"type": "LogFloats", "path": ["train", "accuracy"], "values": [{"value": 6.6, "step": null, "ts": 1655907815.5780935}]}, "version": 45}
{"obj": {"type": "LogFloats", "path": ["train", "loss"], "values": [{"value": 4.4, "step": null, "ts": 1655907815.5780935}]}, "version": 46}
{"obj": {"type": "LogFloats", "path": ["train", "accuracy"], "values": [{"value": 7.199999999999999, "step": null, "ts": 1655907815.5780935}]}, "version": 47}
{"obj": {"type": "LogFloats", "path": ["train", "loss"], "values": [{"value": 4.800000000000001, "step": null, "ts": 1655907815.5780935}]}, "version": 48}
{"obj": {"type": "LogFloats", "path": ["train", "accuracy"], "values": [{"value": 7.8, "step": null, "ts": 1655907815.5780935}]}, "version": 49}
{"obj": {"type": "LogFloats", "path": ["train", "loss"], "values": [{"value": 5.2, "step": null, "ts": 1655907815.5780935}]}, "version": 50}
{"obj": {"type": "LogFloats", "path": ["train", "accuracy"], "values": [{"value": 8.4, "step": null, "ts": 1655907815.5780935}]}, "version": 51}
{"obj": {"type": "LogFloats", "path": ["train", "loss"], "values": [{"value": 5.6000000000000005, "step": null, "ts": 1655907815.5780935}]}, "version": 52}
{"obj": {"type": "LogFloats", "path": ["train", "accuracy"], "values": [{"value": 9.0, "step": null, "ts": 1655907815.5780935}]}, "version": 53}
{"obj": {"type": "LogFloats", "path": ["train", "loss"], "values": [{"value": 6.0, "step": null, "ts": 1655907815.579104}]}, "version": 54}
{"obj": {"type": "LogFloats", "path": ["train", "accuracy"], "values": [{"value": 9.6, "step": null, "ts": 1655907815.579104}]}, "version": 55}
{"obj": {"type": "LogFloats", "path": ["train", "loss"], "values": [{"value": 6.4, "step": null, "ts": 1655907815.579104}]}, "version": 56}
{"obj": {"type": "LogFloats", "path": ["train", "accuracy"], "values": [{"value": 10.2, "step": null, "ts": 1655907815.579104}]}, "version": 57}
{"obj": {"type": "LogFloats", "path": ["train", "loss"], "values": [{"value": 6.800000000000001, "step": null, "ts": 1655907815.579104}]}, "version": 58}
{"obj": {"type": "LogFloats", "path": ["train", "accuracy"], "values": [{"value": 10.799999999999999, "step": null, "ts": 1655907815.579104}]}, "version": 59}
{"obj": {"type": "LogFloats", "path": ["train", "loss"], "values": [{"value": 7.2, "step": null, "ts": 1655907815.579104}]}, "version": 60}
{"obj": {"type": "LogFloats", "path": ["train", "accuracy"], "values": [{"value": 11.4, "step": null, "ts": 1655907815.579104}]}, "version": 61}
{"obj": {"type": "LogFloats", "path": ["train", "loss"], "values": [{"value": 7.6000000000000005, "step": null, "ts": 1655907815.579104}]}, "version": 62}
{"obj": {"type": "LogFloats", "path": ["train", "accuracy"], "values": [{"value": 12.0, "step": null, "ts": 1655907815.579104}]}, "version": 63}
{"obj": {"type": "LogFloats", "path": ["train", "loss"], "values": [{"value": 8.0, "step": null, "ts": 1655907815.579104}]}, "version": 64}
{"obj": {"type": "LogFloats", "path": ["train", "accuracy"], "values": [{"value": 12.6, "step": null, "ts": 1655907815.579104}]}, "version": 65}
{"obj": {"type": "LogFloats", "path": ["train", "loss"], "values": [{"value": 8.4, "step": null, "ts": 1655907815.579104}]}, "version": 66}
{"obj": {"type": "LogFloats", "path": ["train", "accuracy"], "values": [{"value": 13.2, "step": null, "ts": 1655907815.579104}]}, "version": 67}
{"obj": {"type": "LogFloats", "path": ["train", "loss"], "values": [{"value": 8.8, "step": null, "ts": 1655907815.579104}]}, "version": 68}
{"obj": {"type": "LogFloats", "path": ["train", "accuracy"], "values": [{"value": 13.799999999999999, "step": null, "ts": 1655907815.579104}]}, "version": 69}
{"obj": {"type": "LogFloats", "path": ["train", "loss"], "values": [{"value": 9.200000000000001, "step": null, "ts": 1655907815.579104}]}, "version": 70}
{"obj": {"type": "LogFloats", "path": ["train", "accuracy"], "values": [{"value": 14.399999999999999, "step": null, "ts": 1655907815.579104}]}, "version": 71}
{"obj": {"type": "LogFloats", "path": ["train", "loss"], "values": [{"value": 9.600000000000001, "step": null, "ts": 1655907815.579104}]}, "version": 72}
{"obj": {"type": "LogFloats", "path": ["train", "accuracy"], "values": [{"value": 15.0, "step": null, "ts": 1655907815.579104}]}, "version": 73}
{"obj": {"type": "LogFloats", "path": ["train", "loss"], "values": [{"value": 10.0, "step": null, "ts": 1655907815.579104}]}, "version": 74}
{"obj": {"type": "LogFloats", "path": ["train", "accuracy"], "values": [{"value": 15.6, "step": null, "ts": 1655907815.579104}]}, "version": 75}
{"obj": {"type": "LogFloats", "path": ["train", "loss"], "values": [{"value": 10.4, "step": null, "ts": 1655907815.5801036}]}, "version": 76}
{"obj": {"type": "LogFloats", "path": ["train", "accuracy"], "values": [{"value": 16.2, "step": null, "ts": 1655907815.5801036}]}, "version": 77}
{"obj": {"type": "LogFloats", "path": ["train", "loss"], "values": [{"value": 10.8, "step": null, "ts": 1655907815.5801036}]}, "version": 78}
{"obj": {"type": "LogFloats", "path": ["train", "accuracy"], "values": [{"value": 16.8, "step": null, "ts": 1655907815.5801036}]}, "version": 79}
{"obj": {"type": "LogFloats", "path": ["train", "loss"], "values": [{"value": 11.200000000000001, "step": null, "ts": 1655907815.5801036}]}, "version": 80}
{"obj": {"type": "LogFloats", "path": ["train", "accuracy"], "values": [{"value": 17.4, "step": null, "ts": 1655907815.5801036}]}, "version": 81}
{"obj": {"type": "LogFloats", "path": ["train", "loss"], "values": [{"value": 11.600000000000001, "step": null, "ts": 1655907815.5801036}]}, "version": 82}
{"obj": {"type": "LogFloats", "path": ["train", "accuracy"], "values": [{"value": 18.0, "step": null, "ts": 1655907815.5801036}]}, "version": 83}
{"obj": {"type": "LogFloats", "path": ["train", "loss"], "values": [{"value": 12.0, "step": null, "ts": 1655907815.5801036}]}, "version": 84}
{"obj": {"type": "LogFloats", "path": ["train", "accuracy"], "values": [{"value": 18.599999999999998, "step": null, "ts": 1655907815.5801036}]}, "version": 85}
{"obj": {"type": "LogFloats", "path": ["train", "loss"], "values": [{"value": 12.4, "step": null, "ts": 1655907815.5801036}]}, "version": 86}
{"obj": {"type": "LogFloats", "path": ["train", "accuracy"], "values": [{"value": 19.2, "step": null, "ts": 1655907815.5801036}]}, "version": 87}
{"obj": {"type": "LogFloats", "path": ["train", "loss"], "values": [{"value": 12.8, "step": null, "ts": 1655907815.5801036}]}, "version": 88}
{"obj": {"type": "LogFloats", "path": ["train", "accuracy"], "values": [{"value": 19.8, "step": null, "ts": 1655907815.5801036}]}, "version": 89}
{"obj": {"type": "LogFloats", "path": ["train", "loss"], "values": [{"value": 13.200000000000001, "step": null, "ts": 1655907815.5801036}]}, "version": 90}
{"obj": {"type": "LogFloats", "path": ["train", "accuracy"], "values": [{"value": 20.4, "step": null, "ts": 1655907815.5801036}]}, "version": 91}
{"obj": {"type": "LogFloats", "path": ["train", "loss"], "values": [{"value": 13.600000000000001, "step": null, "ts": 1655907815.5801036}]}, "version": 92}
{"obj": {"type": "LogFloats", "path": ["train", "accuracy"], "values": [{"value": 21.0, "step": null, "ts": 1655907815.5801036}]}, "version": 93}
{"obj": {"type": "LogFloats", "path": ["train", "loss"], "values": [{"value": 14.0, "step": null, "ts": 1655907815.5801036}]}, "version": 94}
{"obj": {"type": "LogFloats", "path": ["train", "accuracy"], "values": [{"value": 21.599999999999998, "step": null, "ts": 1655907815.5801036}]}, "version": 95}
{"obj": {"type": "LogFloats", "path": ["train", "loss"], "values": [{"value": 14.4, "step": null, "ts": 1655907815.5801036}]}, "version": 96}
{"obj": {"type": "LogFloats", "path": ["train", "accuracy"], "values": [{"value": 22.2, "step": null, "ts": 1655907815.5801036}]}, "version": 97}
{"obj": {"type": "LogFloats", "path": ["train", "loss"], "values": [{"value": 14.8, "step": null, "ts": 1655907815.5801036}]}, "version": 98}
{"obj": {"type": "LogFloats", "path": ["train", "accuracy"], "values": [{"value": 22.8, "step": null, "ts": 1655907815.5801036}]}, "version": 99}
{"obj": {"type": "LogFloats", "path": ["train", "loss"], "values": [{"value": 15.200000000000001, "step": null, "ts": 1655907815.581102}]}, "version": 100}
{"obj": {"type": "LogFloats", "path": ["train", "accuracy"], "values": [{"value": 23.4, "step": null, "ts": 1655907815.581102}]}, "version": 101}
{"obj": {"type": "LogFloats", "path": ["train", "loss"], "values": [{"value": 15.600000000000001, "step": null, "ts": 1655907815.581102}]}, "version": 102}
{"obj": {"type": "LogFloats", "path": ["train", "accuracy"], "values": [{"value": 24.0, "step": null, "ts": 1655907815.581102}]}, "version": 103}
{"obj": {"type": "LogFloats", "path": ["train", "loss"], "values": [{"value": 16.0, "step": null, "ts": 1655907815.581102}]}, "version": 104}
{"obj": {"type": "LogFloats", "path": ["train", "accuracy"], "values": [{"value": 24.599999999999998, "step": null, "ts": 1655907815.581102}]}, "version": 105}
{"obj": {"type": "LogFloats", "path": ["train", "loss"], "values": [{"value": 16.400000000000002, "step": null, "ts": 1655907815.581102}]}, "version": 106}
{"obj": {"type": "LogFloats", "path": ["train", "accuracy"], "values": [{"value": 25.2, "step": null, "ts": 1655907815.581102}]}, "version": 107}
{"obj": {"type": "LogFloats", "path": ["train", "loss"], "values": [{"value": 16.8, "step": null, "ts": 1655907815.581102}]}, "version": 108}
{"obj": {"type": "LogFloats", "path": ["train", "accuracy"], "values": [{"value": 25.8, "step": null, "ts": 1655907815.581102}]}, "version": 109}
{"obj": {"type": "LogFloats", "path": ["train", "loss"], "values": [{"value": 17.2, "step": null, "ts": 1655907815.581102}]}, "version": 110}
{"obj": {"type": "LogFloats", "path": ["train", "accuracy"], "values": [{"value": 26.4, "step": null, "ts": 1655907815.581102}]}, "version": 111}
{"obj": {"type": "LogFloats", "path": ["train", "loss"], "values": [{"value": 17.6, "step": null, "ts": 1655907815.581102}]}, "version": 112}
{"obj": {"type": "LogFloats", "path": ["train", "accuracy"], "values": [{"value": 27.0, "step": null, "ts": 1655907815.581102}]}, "version": 113}
{"obj": {"type": "LogFloats", "path": ["train", "loss"], "values": [{"value": 18.0, "step": null, "ts": 1655907815.581102}]}, "version": 114}
{"obj": {"type": "LogFloats", "path": ["train", "accuracy"], "values": [{"value": 27.599999999999998, "step": null, "ts": 1655907815.581102}]}, "version": 115}
{"obj": {"type": "LogFloats", "path": ["train", "loss"], "values": [{"value": 18.400000000000002, "step": null, "ts": 1655907815.581102}]}, "version": 116}
{"obj": {"type": "LogFloats", "path": ["train", "accuracy"], "values": [{"value": 28.2, "step": null, "ts": 1655907815.581102}]}, "version": 117}
{"obj": {"type": "LogFloats", "path": ["train", "loss"], "values": [{"value": 18.8, "step": null, "ts": 1655907815.581102}]}, "version": 118}
{"obj": {"type": "LogFloats", "path": ["train", "accuracy"], "values": [{"value": 28.799999999999997, "step": null, "ts": 1655907815.581102}]}, "version": 119}
{"obj": {"type": "LogFloats", "path": ["train", "loss"], "values": [{"value": 19.200000000000003, "step": null, "ts": 1655907815.581102}]}, "version": 120}
{"obj": {"type": "LogFloats", "path": ["train", "accuracy"], "values": [{"value": 29.4, "step": null, "ts": 1655907815.581102}]}, "version": 121}
{"obj": {"type": "LogFloats", "path": ["train", "loss"], "values": [{"value": 19.6, "step": null, "ts": 1655907815.581102}]}, "version": 122}
{"obj": {"type": "LogFloats", "path": ["train", "accuracy"], "values": [{"value": 30.0, "step": null, "ts": 1655907815.5821016}]}, "version": 123}
{"obj": {"type": "LogFloats", "path": ["train", "loss"], "values": [{"value": 20.0, "step": null, "ts": 1655907815.5821016}]}, "version": 124}
{"obj": {"type": "LogFloats", "path": ["train", "accuracy"], "values": [{"value": 30.599999999999998, "step": null, "ts": 1655907815.5821016}]}, "version": 125}
{"obj": {"type": "LogFloats", "path": ["train", "loss"], "values": [{"value": 20.400000000000002, "step": null, "ts": 1655907815.5821016}]}, "version": 126}
{"obj": {"type": "LogFloats", "path": ["train", "accuracy"], "values": [{"value": 31.2, "step": null, "ts": 1655907815.5821016}]}, "version": 127}
{"obj": {"type": "LogFloats", "path": ["train", "loss"], "values": [{"value": 20.8, "step": null, "ts": 1655907815.5821016}]}, "version": 128}
{"obj": {"type": "LogFloats", "path": ["train", "accuracy"], "values": [{"value": 31.799999999999997, "step": null, "ts": 1655907815.5821016}]}, "version": 129}
{"obj": {"type": "LogFloats", "path": ["train", "loss"], "values": [{"value": 21.200000000000003, "step": null, "ts": 1655907815.5821016}]}, "version": 130}
{"obj": {"type": "LogFloats", "path": ["train", "accuracy"], "values": [{"value": 32.4, "step": null, "ts": 1655907815.5821016}]}, "version": 131}
{"obj": {"type": "LogFloats", "path": ["train", "loss"], "values": [{"value": 21.6, "step": null, "ts": 1655907815.5821016}]}, "version": 132}
{"obj": {"type": "LogFloats", "path": ["train", "accuracy"], "values": [{"value": 33.0, "step": null, "ts": 1655907815.5821016}]}, "version": 133}
{"obj": {"type": "LogFloats", "path": ["train", "loss"], "values": [{"value": 22.0, "step": null, "ts": 1655907815.5821016}]}, "version": 134}
{"obj": {"type": "LogFloats", "path": ["train", "accuracy"], "values": [{"value": 33.6, "step": null, "ts": 1655907815.5821016}]}, "version": 135}
{"obj": {"type": "LogFloats", "path": ["train", "loss"], "values": [{"value": 22.400000000000002, "step": null, "ts": 1655907815.5821016}]}, "version": 136}
{"obj": {"type": "LogFloats", "path": ["train", "accuracy"], "values": [{"value": 34.199999999999996, "step": null, "ts": 1655907815.5821016}]}, "version": 137}
{"obj": {"type": "LogFloats", "path": ["train", "loss"], "values": [{"value": 22.8, "step": null, "ts": 1655907815.5821016}]}, "version": 138}
{"obj": {"type": "LogFloats", "path": ["train", "accuracy"], "values": [{"value": 34.8, "step": null, "ts": 1655907815.5821016}]}, "version": 139}
{"obj": {"type": "LogFloats", "path": ["train", "loss"], "values": [{"value": 23.200000000000003, "step": null, "ts": 1655907815.5821016}]}, "version": 140}
{"obj": {"type": "LogFloats", "path": ["train", "accuracy"], "values": [{"value": 35.4, "step": null, "ts": 1655907815.5821016}]}, "version": 141}
{"obj": {"type": "LogFloats", "path": ["train", "loss"], "values": [{"value": 23.6, "step": null, "ts": 1655907815.5821016}]}, "version": 142}
{"obj": {"type": "LogFloats", "path": ["train", "accuracy"], "values": [{"value": 36.0, "step": null, "ts": 1655907815.5821016}]}, "version": 143}
{"obj": {"type": "LogFloats", "path": ["train", "loss"], "values": [{"value": 24.0, "step": null, "ts": 1655907815.5821016}]}, "version": 144}
{"obj": {"type": "LogFloats", "path": ["train", "accuracy"], "values": [{"value": 36.6, "step": null, "ts": 1655907815.5831015}]}, "version": 145}
{"obj": {"type": "LogFloats", "path": ["train", "loss"], "values": [{"value": 24.400000000000002, "step": null, "ts": 1655907815.5831015}]}, "version": 146}
{"obj": {"type": "LogFloats", "path": ["train", "accuracy"], "values": [{"value": 37.199999999999996, "step": null, "ts": 1655907815.5831015}]}, "version": 147}
{"obj": {"type": "LogFloats", "path": ["monitoring", "cpu"], "values": [{"value": 6.5, "step": null, "ts": 1655907815.572101}]}, "version": 148}
{"obj": {"type": "LogFloats", "path": ["train", "loss"], "values": [{"value": 24.8, "step": null, "ts": 1655907815.5831015}]}, "version": 149}
{"obj": {"type": "LogFloats", "path": ["train", "accuracy"], "values": [{"value": 37.8, "step": null, "ts": 1655907815.5831015}]}, "version": 150}
{"obj": {"type": "LogFloats", "path": ["monitoring", "memory"], "values": [{"value": 13.012004852294922, "step": null, "ts": 1655907815.572101}]}, "version": 151}
{"obj": {"type": "LogFloats", "path": ["train", "loss"], "values": [{"value": 25.200000000000003, "step": null, "ts": 1655907815.5831015}]}, "version": 152}
{"obj": {"type": "LogFloats", "path": ["train", "accuracy"], "values": [{"value": 38.4, "step": null, "ts": 1655907815.5831015}]}, "version": 153}
{"obj": {"type": "LogFloats", "path": ["train", "loss"], "values": [{"value": 25.6, "step": null, "ts": 1655907815.5831015}]}, "version": 154}
{"obj": {"type": "LogFloats", "path": ["train", "accuracy"], "values": [{"value": 39.0, "step": null, "ts": 1655907815.5831015}]}, "version": 155}
{"obj": {"type": "LogFloats", "path": ["train", "loss"], "values": [{"value": 26.0, "step": null, "ts": 1655907815.5831015}]}, "version": 156}
{"obj": {"type": "LogFloats", "path": ["train", "accuracy"], "values": [{"value": 39.6, "step": null, "ts": 1655907815.5831015}]}, "version": 157}
{"obj": {"type": "LogFloats", "path": ["train", "loss"], "values": [{"value": 26.400000000000002, "step": null, "ts": 1655907815.5831015}]}, "version": 158}
{"obj": {"type": "LogFloats", "path": ["monitoring", "gpu"], "values": [{"value": 3.0, "step": null, "ts": 1655907815.572101}]}, "version": 159}
{"obj": {"type": "LogFloats", "path": ["train", "accuracy"], "values": [{"value": 40.199999999999996, "step": null, "ts": 1655907815.5841017}]}, "version": 160}
{"obj": {"type": "LogFloats", "path": ["monitoring", "gpu_memory"], "values": [{"value": 1.1128044128417969, "step": null, "ts": 1655907815.572101}]}, "version": 161}
{"obj": {"type": "LogFloats", "path": ["train", "loss"], "values": [{"value": 26.8, "step": null, "ts": 1655907815.5841017}]}, "version": 162}
{"obj": {"type": "LogFloats", "path": ["train", "accuracy"], "values": [{"value": 40.8, "step": null, "ts": 1655907815.5841017}]}, "version": 163}
{"obj": {"type": "LogFloats", "path": ["train", "loss"], "values": [{"value": 27.200000000000003, "step": null, "ts": 1655907815.5841017}]}, "version": 164}
{"obj": {"type": "LogFloats", "path": ["train", "accuracy"], "values": [{"value": 41.4, "step": null, "ts": 1655907815.5841017}]}, "version": 165}
{"obj": {"type": "LogFloats", "path": ["train", "loss"], "values": [{"value": 27.6, "step": null, "ts": 1655907815.5841017}]}, "version": 166}
{"obj": {"type": "LogFloats", "path": ["train", "accuracy"], "values": [{"value": 42.0, "step": null, "ts": 1655907815.5841017}]}, "version": 167}
{"obj": {"type": "LogFloats", "path": ["train", "loss"], "values": [{"value": 28.0, "step": null, "ts": 1655907815.5841017}]}, "version": 168}
{"obj": {"type": "LogFloats", "path": ["train", "accuracy"], "values": [{"value": 42.6, "step": null, "ts": 1655907815.5841017}]}, "version": 169}
{"obj": {"type": "LogFloats", "path": ["train", "loss"], "values": [{"value": 28.400000000000002, "step": null, "ts": 1655907815.5841017}]}, "version": 170}
{"obj": {"type": "LogFloats", "path": ["train", "accuracy"], "values": [{"value": 43.199999999999996, "step": null, "ts": 1655907815.5841017}]}, "version": 171}
{"obj": {"type": "LogFloats", "path": ["train", "loss"], "values": [{"value": 28.8, "step": null, "ts": 1655907815.5841017}]}, "version": 172}
{"obj": {"type": "LogFloats", "path": ["train", "accuracy"], "values": [{"value": 43.8, "step": null, "ts": 1655907815.5841017}]}, "version": 173}
{"obj": {"type": "LogFloats", "path": ["train", "loss"], "values": [{"value": 29.200000000000003, "step": null, "ts": 1655907815.5841017}]}, "version": 174}
{"obj": {"type": "LogFloats", "path": ["train", "accuracy"], "values": [{"value": 44.4, "step": null, "ts": 1655907815.5841017}]}, "version": 175}
{"obj": {"type": "LogFloats", "path": ["train", "loss"], "values": [{"value": 29.6, "step": null, "ts": 1655907815.5841017}]}, "version": 176}
{"obj": {"type": "LogFloats", "path": ["train", "accuracy"], "values": [{"value": 45.0, "step": null, "ts": 1655907815.5841017}]}, "version": 177}
{"obj": {"type": "LogFloats", "path": ["train", "loss"], "values": [{"value": 30.0, "step": null, "ts": 1655907815.5841017}]}, "version": 178}
{"obj": {"type": "LogFloats", "path": ["train", "accuracy"], "values": [{"value": 45.6, "step": null, "ts": 1655907815.5841017}]}, "version": 179}
{"obj": {"type": "LogFloats", "path": ["train", "loss"], "values": [{"value": 30.400000000000002, "step": null, "ts": 1655907815.5851035}]}, "version": 180}
{"obj": {"type": "LogFloats", "path": ["train", "accuracy"], "values": [{"value": 46.199999999999996, "step": null, "ts": 1655907815.5851035}]}, "version": 181}
{"obj": {"type": "LogFloats", "path": ["train", "loss"], "values": [{"value": 30.8, "step": null, "ts": 1655907815.5851035}]}, "version": 182}
{"obj": {"type": "LogFloats", "path": ["train", "accuracy"], "values": [{"value": 46.8, "step": null, "ts": 1655907815.5851035}]}, "version": 183}
{"obj": {"type": "LogFloats", "path": ["train", "loss"], "values": [{"value": 31.200000000000003, "step": null, "ts": 1655907815.5851035}]}, "version": 184}
{"obj": {"type": "LogFloats", "path": ["train", "accuracy"], "values": [{"value": 47.4, "step": null, "ts": 1655907815.5851035}]}, "version": 185}
{"obj": {"type": "LogFloats", "path": ["train", "loss"], "values": [{"value": 31.6, "step": null, "ts": 1655907815.5851035}]}, "version": 186}
{"obj": {"type": "LogFloats", "path": ["train", "accuracy"], "values": [{"value": 48.0, "step": null, "ts": 1655907815.5851035}]}, "version": 187}
{"obj": {"type": "LogFloats", "path": ["train", "loss"], "values": [{"value": 32.0, "step": null, "ts": 1655907815.5851035}]}, "version": 188}
{"obj": {"type": "LogFloats", "path": ["train", "accuracy"], "values": [{"value": 48.6, "step": null, "ts": 1655907815.5851035}]}, "version": 189}
{"obj": {"type": "LogFloats", "path": ["train", "loss"], "values": [{"value": 32.4, "step": null, "ts": 1655907815.5851035}]}, "version": 190}
{"obj": {"type": "LogFloats", "path": ["train", "accuracy"], "values": [{"value": 49.199999999999996, "step": null, "ts": 1655907815.5851035}]}, "version": 191}
{"obj": {"type": "LogFloats", "path": ["train", "loss"], "values": [{"value": 32.800000000000004, "step": null, "ts": 1655907815.5851035}]}, "version": 192}
{"obj": {"type": "LogFloats", "path": ["train", "accuracy"], "values": [{"value": 49.8, "step": null, "ts": 1655907815.5851035}]}, "version": 193}
{"obj": {"type": "LogFloats", "path": ["train", "loss"], "values": [{"value": 33.2, "step": null, "ts": 1655907815.5851035}]}, "version": 194}
{"obj": {"type": "LogFloats", "path": ["train", "accuracy"], "values": [{"value": 50.4, "step": null, "ts": 1655907815.5851035}]}, "version": 195}
{"obj": {"type": "LogFloats", "path": ["train", "loss"], "values": [{"value": 33.6, "step": null, "ts": 1655907815.5851035}]}, "version": 196}
{"obj": {"type": "LogFloats", "path": ["train", "accuracy"], "values": [{"value": 51.0, "step": null, "ts": 1655907815.5851035}]}, "version": 197}
{"obj": {"type": "LogFloats", "path": ["train", "loss"], "values": [{"value": 34.0, "step": null, "ts": 1655907815.5851035}]}, "version": 198}
{"obj": {"type": "LogFloats", "path": ["train", "accuracy"], "values": [{"value": 51.6, "step": null, "ts": 1655907815.5851035}]}, "version": 199}
{"obj": {"type": "LogFloats", "path": ["train", "loss"], "values": [{"value": 34.4, "step": null, "ts": 1655907815.5851035}]}, "version": 200}
{"obj": {"type": "LogFloats", "path": ["train", "accuracy"], "values": [{"value": 52.199999999999996, "step": null, "ts": 1655907815.5851035}]}, "version": 201}
{"obj": {"type": "LogFloats", "path": ["train", "loss"], "values": [{"value": 34.800000000000004, "step": null, "ts": 1655907815.5851035}]}, "version": 202}
{"obj": {"type": "LogFloats", "path": ["train", "accuracy"], "values": [{"value": 52.8, "step": null, "ts": 1655907815.5860927}]}, "version": 203}
{"obj": {"type": "LogFloats", "path": ["train", "loss"], "values": [{"value": 35.2, "step": null, "ts": 1655907815.5860927}]}, "version": 204}
{"obj": {"type": "LogFloats", "path": ["train", "accuracy"], "values": [{"value": 53.4, "step": null, "ts": 1655907815.5860927}]}, "version": 205}
{"obj": {"type": "LogFloats", "path": ["train", "loss"], "values": [{"value": 35.6, "step": null, "ts": 1655907815.5860927}]}, "version": 206}
{"obj": {"type": "LogFloats", "path": ["train", "accuracy"], "values": [{"value": 54.0, "step": null, "ts": 1655907815.5860927}]}, "version": 207}
{"obj": {"type": "LogFloats", "path": ["train", "loss"], "values": [{"value": 36.0, "step": null, "ts": 1655907815.5860927}]}, "version": 208}
{"obj": {"type": "LogFloats", "path": ["train", "accuracy"], "values": [{"value": 54.6, "step": null, "ts": 1655907815.5860927}]}, "version": 209}
{"obj": {"type": "LogFloats", "path": ["train", "loss"], "values": [{"value": 36.4, "step": null, "ts": 1655907815.5860927}]}, "version": 210}
{"obj": {"type": "LogFloats", "path": ["train", "accuracy"], "values": [{"value": 55.199999999999996, "step": null, "ts": 1655907815.5860927}]}, "version": 211}
{"obj": {"type": "LogFloats", "path": ["train", "loss"], "values": [{"value": 36.800000000000004, "step": null, "ts": 1655907815.5860927}]}, "version": 212}
{"obj": {"type": "LogFloats", "path": ["train", "accuracy"], "values": [{"value": 55.8, "step": null, "ts": 1655907815.5860927}]}, "version": 213}
{"obj": {"type": "LogFloats", "path": ["train", "loss"], "values": [{"value": 37.2, "step": null, "ts": 1655907815.5860927}]}, "version": 214}
{"obj": {"type": "LogFloats", "path": ["train", "accuracy"], "values": [{"value": 56.4, "step": null, "ts": 1655907815.5860927}]}, "version": 215}
{"obj": {"type": "LogFloats", "path": ["train", "loss"], "values": [{"value": 37.6, "step": null, "ts": 1655907815.5860927}]}, "version": 216}
{"obj": {"type": "LogFloats", "path": ["train", "accuracy"], "values": [{"value": 57.0, "step": null, "ts": 1655907815.5860927}]}, "version": 217}
{"obj": {"type": "LogFloats", "path": ["train", "loss"], "values": [{"value": 38.0, "step": null, "ts": 1655907815.5860927}]}, "version": 218}
{"obj": {"type": "LogFloats", "path": ["train", "accuracy"], "values": [{"value": 57.599999999999994, "step": null, "ts": 1655907815.5860927}]}, "version": 219}
{"obj": {"type": "LogFloats", "path": ["train", "loss"], "values": [{"value": 38.400000000000006, "step": null, "ts": 1655907815.5860927}]}, "version": 220}
{"obj": {"type": "LogFloats", "path": ["train", "accuracy"], "values": [{"value": 58.199999999999996, "step": null, "ts": 1655907815.5860927}]}, "version": 221}
{"obj": {"type": "LogFloats", "path": ["train", "loss"], "values": [{"value": 38.800000000000004, "step": null, "ts": 1655907815.5860927}]}, "version": 222}
{"obj": {"type": "LogFloats", "path": ["train", "accuracy"], "values": [{"value": 58.8, "step": null, "ts": 1655907815.5860927}]}, "version": 223}
{"obj": {"type": "LogFloats", "path": ["train", "loss"], "values": [{"value": 39.2, "step": null, "ts": 1655907815.5860927}]}, "version": 224}
{"obj": {"type": "LogFloats", "path": ["train", "accuracy"], "values": [{"value": 59.4, "step": null, "ts": 1655907815.5860927}]}, "version": 225}
{"obj": {"type": "LogFloats", "path": ["train", "loss"], "values": [{"value": 39.6, "step": null, "ts": 1655907815.5860927}]}, "version": 226}
{"obj": {"type": "AssignFloat", "path": ["f1_score"], "value": 0.66}, "version": 227}
{"obj": {"type": "LogStrings", "path": ["monitoring", "stdout"], "values": [{"value": "Shutting down background jobs, please wait a moment...\n", "step": null, "ts": 1655907815.5871017}]}, "version": 228}
